<?xml version="1.0" encoding="UTF-8"?>
<coverage generated="1720550477305" clover="3.2.0">
  <project timestamp="1720550477306" name="All files">
    <metrics statements="9" coveredstatements="7" conditionals="4" coveredconditionals="2" methods="3" coveredmethods="1" elements="16" coveredelements="10" complexity="0" loc="9" ncloc="9" packages="3" files="3" classes="3"/>
    <package name="Components.LabelInput">
      <metrics statements="7" coveredstatements="5" conditionals="4" coveredconditionals="2" methods="3" coveredmethods="1"/>
      <file name="index.tsx" path="C:\Users\g.sampogna\Desktop\Projetos\react-native-projetos\Diferente-uniformes\src\Components\LabelInput\index.tsx">
        <metrics statements="7" coveredstatements="5" conditionals="4" coveredconditionals="2" methods="3" coveredmethods="1"/>
        <line num="12" count="1" type="stmt"/>
        <line num="17" count="1" type="stmt"/>
        <line num="19" count="1" type="stmt"/>
        <line num="20" count="0" type="stmt"/>
        <line num="23" count="1" type="stmt"/>
        <line num="24" count="0" type="stmt"/>
        <line num="26" count="1" type="stmt"/>
      </file>
    </package>
    <package name="Components.LabelInput.styles">
      <metrics statements="1" coveredstatements="1" conditionals="0" coveredconditionals="0" methods="0" coveredmethods="0"/>
      <file name="index.ts" path="C:\Users\g.sampogna\Desktop\Projetos\react-native-projetos\Diferente-uniformes\src\Components\LabelInput\styles\index.ts">
        <metrics statements="1" coveredstatements="1" conditionals="0" coveredconditionals="0" methods="0" coveredmethods="0"/>
        <line num="3" count="1" type="stmt"/>
      </file>
    </package>
    <package name="Enum">
      <metrics statements="1" coveredstatements="1" conditionals="0" coveredconditionals="0" methods="0" coveredmethods="0"/>
      <file name="CORES.ts" path="C:\Users\g.sampogna\Desktop\Projetos\react-native-projetos\Diferente-uniformes\src\Enum\CORES.ts">
        <metrics statements="1" coveredstatements="1" conditionals="0" coveredconditionals="0" methods="0" coveredmethods="0"/>
        <line num="1" count="1" type="stmt"/>
      </file>
    </package>
  </project>
</coverage>
