{"C:\\Users\\g.sampogna\\Desktop\\Projetos\\react-native-projetos\\Diferente-uniformes\\src\\Components\\LabelInput\\index.tsx": {"path":"C:\\Users\\g.sampogna\\Desktop\\Projetos\\react-native-projetos\\Diferente-uniformes\\src\\Components\\LabelInput\\index.tsx","statementMap":{"0":{"start":{"line":12,"column":42},"end":{"line":52,"column":1}},"1":{"start":{"line":17,"column":36},"end":{"line":17,"column":51}},"2":{"start":{"line":19,"column":22},"end":{"line":21,"column":3}},"3":{"start":{"line":20,"column":4},"end":{"line":20,"column":23}},"4":{"start":{"line":23,"column":21},"end":{"line":25,"column":3}},"5":{"start":{"line":24,"column":4},"end":{"line":24,"column":24}},"6":{"start":{"line":26,"column":2},"end":{"line":51,"column":4}}},"fnMap":{"0":{"name":"(anonymous_0)","decl":{"start":{"line":12,"column":42},"end":{"line":12,"column":43}},"loc":{"start":{"line":16,"column":6},"end":{"line":52,"column":1}},"line":16},"1":{"name":"(anonymous_1)","decl":{"start":{"line":19,"column":22},"end":{"line":19,"column":23}},"loc":{"start":{"line":19,"column":28},"end":{"line":21,"column":3}},"line":19},"2":{"name":"(anonymous_2)","decl":{"start":{"line":23,"column":21},"end":{"line":23,"column":22}},"loc":{"start":{"line":23,"column":27},"end":{"line":25,"column":3}},"line":23}},"branchMap":{"0":{"loc":{"start":{"line":29,"column":9},"end":{"line":31,"column":9}},"type":"binary-expr","locations":[{"start":{"line":29,"column":9},"end":{"line":29,"column":14}},{"start":{"line":30,"column":10},"end":{"line":30,"column":77}}],"line":29},"1":{"loc":{"start":{"line":36,"column":25},"end":{"line":36,"column":59}},"type":"cond-expr","locations":[{"start":{"line":36,"column":37},"end":{"line":36,"column":47}},{"start":{"line":36,"column":50},"end":{"line":36,"column":59}}],"line":36}},"s":{"0":1,"1":1,"2":1,"3":0,"4":1,"5":0,"6":1},"f":{"0":1,"1":0,"2":0},"b":{"0":[1,0],"1":[0,1]},"_coverageSchema":"1a1c01bbd47fc00a2c39e90264f33305004495a9","hash":"cda4fdd400010ea144b0c964d1136f72e7814cb5"}
,"C:\\Users\\g.sampogna\\Desktop\\Projetos\\react-native-projetos\\Diferente-uniformes\\src\\Components\\LabelInput\\styles\\index.ts": {"path":"C:\\Users\\g.sampogna\\Desktop\\Projetos\\react-native-projetos\\Diferente-uniformes\\src\\Components\\LabelInput\\styles\\index.ts","statementMap":{"0":{"start":{"line":3,"column":15},"end":{"line":18,"column":2}}},"fnMap":{},"branchMap":{},"s":{"0":1},"f":{},"b":{},"_coverageSchema":"1a1c01bbd47fc00a2c39e90264f33305004495a9","hash":"b8aaa9404d6c65c4162757e1477c50ff265e4fdf"}
,"C:\\Users\\g.sampogna\\Desktop\\Projetos\\react-native-projetos\\Diferente-uniformes\\src\\Enum\\CORES.ts": {"path":"C:\\Users\\g.sampogna\\Desktop\\Projetos\\react-native-projetos\\Diferente-uniformes\\src\\Enum\\CORES.ts","statementMap":{"0":{"start":{"line":1,"column":14},"end":{"line":5,"column":2}}},"fnMap":{},"branchMap":{},"s":{"0":1},"f":{},"b":{},"_coverageSchema":"1a1c01bbd47fc00a2c39e90264f33305004495a9","hash":"f4bacdfce1a1e1adb56e66702f7b3d292a2c5e8f"}
}
