TN:
SF:src\Components\LabelInput\index.tsx
FN:12,(anonymous_0)
FN:19,(anonymous_1)
FN:23,(anonymous_2)
FNF:3
FNH:1
FNDA:1,(anonymous_0)
FNDA:0,(anonymous_1)
FNDA:0,(anonymous_2)
DA:12,1
DA:17,1
DA:19,1
DA:20,0
DA:23,1
DA:24,0
DA:26,1
LF:7
LH:5
BRDA:29,0,0,1
BRDA:29,0,1,0
BRDA:36,1,0,0
BRDA:36,1,1,1
BRF:4
BRH:2
end_of_record
TN:
SF:src\Components\LabelInput\styles\index.ts
FNF:0
FNH:0
DA:3,1
LF:1
LH:1
BRF:0
BRH:0
end_of_record
TN:
SF:src\Enum\CORES.ts
FNF:0
FNH:0
DA:1,1
LF:1
LH:1
BRF:0
BRH:0
end_of_record
